<?xml version="1.0" encoding="UTF-8"?>
<!-- Generated by org.testng.reporters.JUnitReportReporter -->
<testsuite hostname="MANOJ" failures="0" tests="1" name="BookingTest.testBaseUtilityForStays" time="6.316" errors="0" timestamp="2024-08-16T20:16:41 IST" skipped="0">
  <testcase classname="BookingTest.testBaseUtilityForStays" name="displaySortButton" time="6.316"/>
</testsuite> <!-- BookingTest.testBaseUtilityForStays -->
