<?xml version="1.0" encoding="UTF-8"?>
<!-- Generated by org.testng.reporters.JUnitReportReporter -->
<testsuite hostname="MANOJ" failures="0" tests="1" name="BookingTest.BookingTest" time="17.184" errors="0" timestamp="2024-08-15T20:54:03 IST" skipped="0">
  <testcase classname="BookingTest.BookingTest" name="testCase" time="17.184"/>
</testsuite> <!-- BookingTest.BookingTest -->
